

Microchip MPLAB XC8 Assembler V2.36 build 20220127204148 
                                                                                               Wed May 18 12:55:09 2022

Microchip MPLAB XC8 C Compiler v2.36 (Free license) build 20220127204148 Og1 
     1                           	processor	16F887
     2                           	pagewidth 120
     3                           	opt	flic
     4                           	psect	cinit,global,class=CODE,merge=1,delta=2
     5                           	psect	bssCOMMON,global,class=COMMON,space=1,delta=1,noexec
     6                           	psect	cstackCOMMON,global,class=COMMON,space=1,delta=1,noexec
     7                           	psect	cstackBANK0,global,class=BANK0,space=1,delta=1,noexec
     8                           	psect	maintext,global,class=CODE,split=1,delta=2
     9                           	psect	text1,local,class=CODE,merge=1,delta=2
    10                           	psect	text2,local,class=CODE,merge=1,delta=2
    11                           	psect	text3,local,class=CODE,merge=1,delta=2
    12                           	psect	intentry,global,class=CODE,delta=2
    13                           	psect	text4,local,class=CODE,merge=1,delta=2
    14                           	psect	idloc,global,abs,ovrld,class=IDLOC,space=5,delta=2,noexec
    15                           	psect	config,global,abs,ovrld,class=CONFIG,space=4,delta=2,noexec
    16                           	dabs	1,0x7E,2
    17  0000                     
    18                           ; Version 2.40
    19                           ; Generated 17/11/2021 GMT
    20                           ; 
    21                           ; Copyright © 2021, Microchip Technology Inc. and its subsidiaries ("Microchip")
    22                           ; All rights reserved.
    23                           ; 
    24                           ; This software is developed by Microchip Technology Inc. and its subsidiaries ("Microch
      +                          ip").
    25                           ; 
    26                           ; Redistribution and use in source and binary forms, with or without modification, are
    27                           ; permitted provided that the following conditions are met:
    28                           ; 
    29                           ;     1. Redistributions of source code must retain the above copyright notice, this lis
      +                          t of
    30                           ;        conditions and the following disclaimer.
    31                           ; 
    32                           ;     2. Redistributions in binary form must reproduce the above copyright notice, this 
      +                          list
    33                           ;        of conditions and the following disclaimer in the documentation and/or other
    34                           ;        materials provided with the distribution. Publication is not required when
    35                           ;        this file is used in an embedded application.
    36                           ; 
    37                           ;     3. Microchip's name may not be used to endorse or promote products derived from th
      +                          is
    38                           ;        software without specific prior written permission.
    39                           ; 
    40                           ; THIS SOFTWARE IS PROVIDED BY MICROCHIP "AS IS" AND ANY EXPRESS OR IMPLIED WARRANTIES,
    41                           ; INCLUDING, BUT NOT LIMITED TO, THE IMPLIED WARRANTIES OF MERCHANTABILITY AND FITNESS F
      +                          OR
    42                           ; PURPOSE ARE DISCLAIMED.  IN NO EVENT SHALL MICROCHIP BE LIABLE FOR ANY DIRECT, INDIREC
      +                          T,
    43                           ; INCIDENTAL, SPECIAL, EXEMPLARY, OR CONSEQUENTIAL DAMAGES (INCLUDING BUT NOT LIMITED TO
    44                           ; PROCUREMENT OF SUBSTITUTE GOODS OR SERVICES; LOSS OF USE, DATA OR PROFITS; OR BUSINESS
    45                           ; INTERRUPTION) HOWSOEVER CAUSED AND ON ANY THEORY OF LIABILITY, WHETHER IN CONTRACT, ST
      +                          RICT
    46                           ; LIABILITY, OR TORT (INCLUDING NEGLIGENCE OR OTHERWISE) ARISING IN ANY WAY OUT OF THE U
      +                          SE OF
    47                           ; THIS SOFTWARE, EVEN IF ADVISED OF THE POSSIBILITY OF SUCH DAMAGE.
    48                           ; 
    49                           ; 
    50                           ; Code-generator required, PIC16F887 Definitions
    51                           ; 
    52                           ; SFR Addresses
    53  0000                     	;# 
    54  0001                     	;# 
    55  0002                     	;# 
    56  0003                     	;# 
    57  0004                     	;# 
    58  0005                     	;# 
    59  0006                     	;# 
    60  0007                     	;# 
    61  0008                     	;# 
    62  0009                     	;# 
    63  000A                     	;# 
    64  000B                     	;# 
    65  000C                     	;# 
    66  000D                     	;# 
    67  000E                     	;# 
    68  000E                     	;# 
    69  000F                     	;# 
    70  0010                     	;# 
    71  0011                     	;# 
    72  0012                     	;# 
    73  0013                     	;# 
    74  0014                     	;# 
    75  0015                     	;# 
    76  0015                     	;# 
    77  0016                     	;# 
    78  0017                     	;# 
    79  0018                     	;# 
    80  0019                     	;# 
    81  001A                     	;# 
    82  001B                     	;# 
    83  001B                     	;# 
    84  001C                     	;# 
    85  001D                     	;# 
    86  001E                     	;# 
    87  001F                     	;# 
    88  0081                     	;# 
    89  0085                     	;# 
    90  0086                     	;# 
    91  0087                     	;# 
    92  0088                     	;# 
    93  0089                     	;# 
    94  008C                     	;# 
    95  008D                     	;# 
    96  008E                     	;# 
    97  008F                     	;# 
    98  0090                     	;# 
    99  0091                     	;# 
   100  0092                     	;# 
   101  0093                     	;# 
   102  0093                     	;# 
   103  0093                     	;# 
   104  0094                     	;# 
   105  0095                     	;# 
   106  0096                     	;# 
   107  0097                     	;# 
   108  0098                     	;# 
   109  0099                     	;# 
   110  009A                     	;# 
   111  009B                     	;# 
   112  009C                     	;# 
   113  009D                     	;# 
   114  009E                     	;# 
   115  009F                     	;# 
   116  0105                     	;# 
   117  0107                     	;# 
   118  0108                     	;# 
   119  0109                     	;# 
   120  010C                     	;# 
   121  010C                     	;# 
   122  010D                     	;# 
   123  010E                     	;# 
   124  010F                     	;# 
   125  0185                     	;# 
   126  0187                     	;# 
   127  0188                     	;# 
   128  0189                     	;# 
   129  018C                     	;# 
   130  018D                     	;# 
   131  0000                     	;# 
   132  0001                     	;# 
   133  0002                     	;# 
   134  0003                     	;# 
   135  0004                     	;# 
   136  0005                     	;# 
   137  0006                     	;# 
   138  0007                     	;# 
   139  0008                     	;# 
   140  0009                     	;# 
   141  000A                     	;# 
   142  000B                     	;# 
   143  000C                     	;# 
   144  000D                     	;# 
   145  000E                     	;# 
   146  000E                     	;# 
   147  000F                     	;# 
   148  0010                     	;# 
   149  0011                     	;# 
   150  0012                     	;# 
   151  0013                     	;# 
   152  0014                     	;# 
   153  0015                     	;# 
   154  0015                     	;# 
   155  0016                     	;# 
   156  0017                     	;# 
   157  0018                     	;# 
   158  0019                     	;# 
   159  001A                     	;# 
   160  001B                     	;# 
   161  001B                     	;# 
   162  001C                     	;# 
   163  001D                     	;# 
   164  001E                     	;# 
   165  001F                     	;# 
   166  0081                     	;# 
   167  0085                     	;# 
   168  0086                     	;# 
   169  0087                     	;# 
   170  0088                     	;# 
   171  0089                     	;# 
   172  008C                     	;# 
   173  008D                     	;# 
   174  008E                     	;# 
   175  008F                     	;# 
   176  0090                     	;# 
   177  0091                     	;# 
   178  0092                     	;# 
   179  0093                     	;# 
   180  0093                     	;# 
   181  0093                     	;# 
   182  0094                     	;# 
   183  0095                     	;# 
   184  0096                     	;# 
   185  0097                     	;# 
   186  0098                     	;# 
   187  0099                     	;# 
   188  009A                     	;# 
   189  009B                     	;# 
   190  009C                     	;# 
   191  009D                     	;# 
   192  009E                     	;# 
   193  009F                     	;# 
   194  0105                     	;# 
   195  0107                     	;# 
   196  0108                     	;# 
   197  0109                     	;# 
   198  010C                     	;# 
   199  010C                     	;# 
   200  010D                     	;# 
   201  010E                     	;# 
   202  010F                     	;# 
   203  0185                     	;# 
   204  0187                     	;# 
   205  0188                     	;# 
   206  0189                     	;# 
   207  018C                     	;# 
   208  018D                     	;# 
   209  0006                     _PORTB	set	6
   210  0005                     _PORTA	set	5
   211  0009                     _PORTE	set	9
   212  0008                     _PORTD	set	8
   213  001F                     _ADCON0bits	set	31
   214  000B                     _INTCONbits	set	11
   215  0006                     _PORTBbits	set	6
   216  0007                     _PORTC	set	7
   217  001E                     _ADRESH	set	30
   218  000C                     _PIR1bits	set	12
   219  0058                     _RBIF	set	88
   220  0066                     _ADIF	set	102
   221  009F                     _ADCON1bits	set	159
   222  008F                     _OSCCONbits	set	143
   223  0096                     _IOCB	set	150
   224  008C                     _PIE1bits	set	140
   225  0089                     _TRISE	set	137
   226  0088                     _TRISD	set	136
   227  0087                     _TRISC	set	135
   228  0086                     _TRISB	set	134
   229  0085                     _TRISA	set	133
   230  010C                     _EEDAT	set	268
   231  010D                     _EEADR	set	269
   232  0189                     _ANSELH	set	393
   233  0188                     _ANSEL	set	392
   234  018D                     _EECON2	set	397
   235  018C                     _EECON1bits	set	396
   236                           
   237                           	psect	cinit
   238  000F                     start_initialization:	
   239                           ; #config settings
   240                           
   241  000F                     __initialization:
   242                           
   243                           ; Clear objects allocated to COMMON
   244  000F  01F6               	clrf	__pbssCOMMON& (0+127)
   245  0010  01F7               	clrf	(__pbssCOMMON+1)& (0+127)
   246  0011  01F8               	clrf	(__pbssCOMMON+2)& (0+127)
   247  0012                     end_of_initialization:	
   248                           ;End of C runtime variable initialization code
   249                           
   250  0012                     __end_of__initialization:
   251  0012  0183               	clrf	3
   252  0013  120A  118A  2887   	ljmp	_main	;jump to C main() function
   253                           
   254                           	psect	bssCOMMON
   255  0076                     __pbssCOMMON:
   256  0076                     _mode:
   257  0076                     	ds	1
   258  0077                     _cont:
   259  0077                     	ds	1
   260  0078                     _address:
   261  0078                     	ds	1
   262                           
   263                           	psect	cstackCOMMON
   264  0070                     __pcstackCOMMON:
   265  0070                     ?_write:
   266  0070                     ?_setup:	
   267                           ; 1 bytes @ 0x0
   268                           
   269  0070                     ?_read:	
   270                           ; 1 bytes @ 0x0
   271                           
   272  0070                     ?_isr:	
   273                           ; 1 bytes @ 0x0
   274                           
   275  0070                     ?_main:	
   276                           ; 1 bytes @ 0x0
   277                           
   278  0070                     write@data:	
   279                           ; 1 bytes @ 0x0
   280                           
   281                           
   282                           ; 1 bytes @ 0x0
   283  0070                     	ds	1
   284  0071                     ??_write:
   285  0071                     write@address:	
   286                           ; 1 bytes @ 0x1
   287                           
   288                           
   289                           ; 1 bytes @ 0x1
   290  0071                     	ds	1
   291  0072                     ??_isr:
   292                           
   293                           ; 1 bytes @ 0x2
   294  0072                     	ds	3
   295  0075                     ??_setup:
   296  0075                     ??_read:	
   297                           ; 1 bytes @ 0x5
   298                           
   299  0075                     read@address:	
   300                           ; 1 bytes @ 0x5
   301                           
   302                           
   303                           ; 1 bytes @ 0x5
   304  0075                     	ds	1
   305                           
   306                           	psect	cstackBANK0
   307  0020                     __pcstackBANK0:
   308  0020                     ??_main:
   309                           
   310                           ; 1 bytes @ 0x0
   311  0020                     	ds	1
   312                           
   313                           	psect	maintext
   314  0087                     __pmaintext:	
   315 ;;
   316 ;;Main: autosize = 0, tempsize = 1, incstack = 0, save=0
   317 ;;
   318 ;; *************** function _main *****************
   319 ;; Defined at:
   320 ;;		line 75 in file "lab12_pre_pgr.c"
   321 ;; Parameters:    Size  Location     Type
   322 ;;		None
   323 ;; Auto vars:     Size  Location     Type
   324 ;;		None
   325 ;; Return value:  Size  Location     Type
   326 ;;                  1    wreg      void 
   327 ;; Registers used:
   328 ;;		wreg, status,2, status,0, pclath, cstack
   329 ;; Tracked objects:
   330 ;;		On entry : B00/0
   331 ;;		On exit  : 0/0
   332 ;;		Unchanged: 0/0
   333 ;; Data sizes:     COMMON   BANK0   BANK1   BANK3   BANK2
   334 ;;      Params:         0       0       0       0       0
   335 ;;      Locals:         0       0       0       0       0
   336 ;;      Temps:          0       1       0       0       0
   337 ;;      Totals:         0       1       0       0       0
   338 ;;Total ram usage:        1 bytes
   339 ;; Hardware stack levels required when called: 3
   340 ;; This function calls:
   341 ;;		_read
   342 ;;		_setup
   343 ;; This function is called by:
   344 ;;		Startup code after reset
   345 ;; This function uses a non-reentrant model
   346 ;;
   347                           
   348  0087                     _main:	
   349                           ;psect for function _main
   350                           
   351  0087                     l848:	
   352                           ;incstack = 0
   353                           ; Regs used in _main: [wreg+status,2+status,0+pclath+cstack]
   354                           
   355                           
   356                           ;lab12_pre_pgr.c: 76:     setup();
   357  0087  120A  118A  2016  120A  118A  	fcall	_setup
   358  008C                     l850:
   359                           
   360                           ;lab12_pre_pgr.c: 78:         if(ADCON0bits.GO == 0){
   361  008C  1283               	bcf	3,5	;RP0=0, select bank0
   362  008D  1303               	bcf	3,6	;RP1=0, select bank0
   363  008E  189F               	btfsc	31,1	;volatile
   364  008F  2891               	goto	u121
   365  0090  2892               	goto	u120
   366  0091                     u121:
   367  0091  289C               	goto	l856
   368  0092                     u120:
   369  0092                     l852:
   370                           
   371                           ;lab12_pre_pgr.c: 79:             _delay((unsigned long)((50)*(4000000/4000000.0)));
   372  0092  300F               	movlw	15
   373  0093  1283               	bcf	3,5	;RP0=0, select bank0
   374  0094  1303               	bcf	3,6	;RP1=0, select bank0
   375  0095  00A0               	movwf	??_main
   376  0096                     u137:
   377  0096  0BA0               	decfsz	??_main,f
   378  0097  2896               	goto	u137
   379  0098  2899               	nop2
   380  0099                     l854:
   381                           
   382                           ;lab12_pre_pgr.c: 80:             ADCON0bits.GO = 1;
   383  0099  1283               	bcf	3,5	;RP0=0, select bank0
   384  009A  1303               	bcf	3,6	;RP1=0, select bank0
   385  009B  149F               	bsf	31,1	;volatile
   386  009C                     l856:
   387                           
   388                           ;lab12_pre_pgr.c: 82:         PORTD = read(address);
   389  009C  0878               	movf	_address,w
   390  009D  120A  118A  20C0  120A  118A  	fcall	_read
   391  00A2  1283               	bcf	3,5	;RP0=0, select bank0
   392  00A3  1303               	bcf	3,6	;RP1=0, select bank0
   393  00A4  0088               	movwf	8	;volatile
   394  00A5                     l858:
   395                           
   396                           ;lab12_pre_pgr.c: 83:         PORTE = mode;
   397  00A5  0876               	movf	_mode,w
   398  00A6  0089               	movwf	9	;volatile
   399  00A7  288C               	goto	l850
   400  00A8  120A  118A  280C   	ljmp	start
   401  00AB                     __end_of_main:
   402                           
   403                           	psect	text1
   404  0016                     __ptext1:	
   405 ;; *************** function _setup *****************
   406 ;; Defined at:
   407 ;;		line 112 in file "lab12_pre_pgr.c"
   408 ;; Parameters:    Size  Location     Type
   409 ;;		None
   410 ;; Auto vars:     Size  Location     Type
   411 ;;		None
   412 ;; Return value:  Size  Location     Type
   413 ;;                  1    wreg      void 
   414 ;; Registers used:
   415 ;;		wreg, status,2, status,0
   416 ;; Tracked objects:
   417 ;;		On entry : 0/0
   418 ;;		On exit  : 0/0
   419 ;;		Unchanged: 0/0
   420 ;; Data sizes:     COMMON   BANK0   BANK1   BANK3   BANK2
   421 ;;      Params:         0       0       0       0       0
   422 ;;      Locals:         0       0       0       0       0
   423 ;;      Temps:          1       0       0       0       0
   424 ;;      Totals:         1       0       0       0       0
   425 ;;Total ram usage:        1 bytes
   426 ;; Hardware stack levels used: 1
   427 ;; Hardware stack levels required when called: 2
   428 ;; This function calls:
   429 ;;		Nothing
   430 ;; This function is called by:
   431 ;;		_main
   432 ;; This function uses a non-reentrant model
   433 ;;
   434                           
   435  0016                     _setup:	
   436                           ;psect for function _setup
   437                           
   438  0016                     l706:	
   439                           ;incstack = 0
   440                           ; Regs used in _setup: [wreg+status,2+status,0]
   441                           
   442                           
   443                           ;lab12_pre_pgr.c: 113:     ANSEL = 0b00000001;
   444  0016  3001               	movlw	1
   445  0017  1683               	bsf	3,5	;RP0=1, select bank3
   446  0018  1703               	bsf	3,6	;RP1=1, select bank3
   447  0019  0088               	movwf	8	;volatile
   448  001A                     l708:
   449                           
   450                           ;lab12_pre_pgr.c: 114:     ANSELH = 0;
   451  001A  0189               	clrf	9	;volatile
   452  001B                     l710:
   453                           
   454                           ;lab12_pre_pgr.c: 116:     TRISA = 0b00000001;
   455  001B  3001               	movlw	1
   456  001C  1683               	bsf	3,5	;RP0=1, select bank1
   457  001D  1303               	bcf	3,6	;RP1=0, select bank1
   458  001E  0085               	movwf	5	;volatile
   459  001F                     l712:
   460                           
   461                           ;lab12_pre_pgr.c: 117:     TRISB = 0b00000111;
   462  001F  3007               	movlw	7
   463  0020  0086               	movwf	6	;volatile
   464  0021                     l714:
   465                           
   466                           ;lab12_pre_pgr.c: 118:     TRISC = 0;
   467  0021  0187               	clrf	7	;volatile
   468  0022                     l716:
   469                           
   470                           ;lab12_pre_pgr.c: 119:     TRISD = 0;
   471  0022  0188               	clrf	8	;volatile
   472  0023                     l718:
   473                           
   474                           ;lab12_pre_pgr.c: 120:     TRISE = 0;
   475  0023  0189               	clrf	9	;volatile
   476  0024                     l720:
   477                           
   478                           ;lab12_pre_pgr.c: 122:     PORTA = 0;
   479  0024  1283               	bcf	3,5	;RP0=0, select bank0
   480  0025  1303               	bcf	3,6	;RP1=0, select bank0
   481  0026  0185               	clrf	5	;volatile
   482  0027                     l722:
   483                           
   484                           ;lab12_pre_pgr.c: 123:     PORTB = 0;
   485  0027  0186               	clrf	6	;volatile
   486  0028                     l724:
   487                           
   488                           ;lab12_pre_pgr.c: 124:     PORTC = 0;
   489  0028  0187               	clrf	7	;volatile
   490  0029                     l726:
   491                           
   492                           ;lab12_pre_pgr.c: 125:     PORTE = 0;
   493  0029  0189               	clrf	9	;volatile
   494  002A                     l728:
   495                           
   496                           ;lab12_pre_pgr.c: 126:     PORTD = 0;
   497  002A  0188               	clrf	8	;volatile
   498  002B                     l730:
   499                           
   500                           ;lab12_pre_pgr.c: 129:     INTCONbits.GIE = 1;
   501  002B  178B               	bsf	11,7	;volatile
   502  002C                     l732:
   503                           
   504                           ;lab12_pre_pgr.c: 130:     INTCONbits.PEIE = 1;
   505  002C  170B               	bsf	11,6	;volatile
   506  002D                     l734:
   507                           
   508                           ;lab12_pre_pgr.c: 131:     PIE1bits.ADIE = 1;
   509  002D  1683               	bsf	3,5	;RP0=1, select bank1
   510  002E  1303               	bcf	3,6	;RP1=0, select bank1
   511  002F  170C               	bsf	12,6	;volatile
   512  0030                     l736:
   513                           
   514                           ;lab12_pre_pgr.c: 132:     PIR1bits.ADIF = 0;
   515  0030  1283               	bcf	3,5	;RP0=0, select bank0
   516  0031  1303               	bcf	3,6	;RP1=0, select bank0
   517  0032  130C               	bcf	12,6	;volatile
   518  0033                     l738:
   519                           
   520                           ;lab12_pre_pgr.c: 133:     IOCB = 0b00000111;
   521  0033  3007               	movlw	7
   522  0034  1683               	bsf	3,5	;RP0=1, select bank1
   523  0035  1303               	bcf	3,6	;RP1=0, select bank1
   524  0036  0096               	movwf	22	;volatile
   525  0037                     l740:
   526                           
   527                           ;lab12_pre_pgr.c: 134:     INTCONbits.RBIE = 1;
   528  0037  158B               	bsf	11,3	;volatile
   529  0038                     l742:
   530                           
   531                           ;lab12_pre_pgr.c: 135:     INTCONbits.RBIF = 0;
   532  0038  100B               	bcf	11,0	;volatile
   533  0039                     l744:
   534                           
   535                           ;lab12_pre_pgr.c: 138:     OSCCONbits.IRCF = 0b110;
   536  0039  080F               	movf	15,w	;volatile
   537  003A  398F               	andlw	-113
   538  003B  3860               	iorlw	96
   539  003C  008F               	movwf	15	;volatile
   540  003D                     l746:
   541                           
   542                           ;lab12_pre_pgr.c: 139:     OSCCONbits.SCS = 1;
   543  003D  140F               	bsf	15,0	;volatile
   544  003E                     l748:
   545                           
   546                           ;lab12_pre_pgr.c: 142:     ADCON1bits.ADFM = 0;
   547  003E  139F               	bcf	31,7	;volatile
   548  003F                     l750:
   549                           
   550                           ;lab12_pre_pgr.c: 143:     ADCON1bits.VCFG0 = 0;
   551  003F  121F               	bcf	31,4	;volatile
   552  0040                     l752:
   553                           
   554                           ;lab12_pre_pgr.c: 144:     ADCON1bits.VCFG1 = 0;
   555  0040  129F               	bcf	31,5	;volatile
   556  0041                     l754:
   557                           
   558                           ;lab12_pre_pgr.c: 146:     ADCON0bits.ADCS = 0b01;
   559  0041  1283               	bcf	3,5	;RP0=0, select bank0
   560  0042  1303               	bcf	3,6	;RP1=0, select bank0
   561  0043  081F               	movf	31,w	;volatile
   562  0044  393F               	andlw	-193
   563  0045  3840               	iorlw	64
   564  0046  009F               	movwf	31	;volatile
   565  0047                     l756:
   566                           
   567                           ;lab12_pre_pgr.c: 147:     ADCON0bits.CHS = 0;
   568  0047  30C3               	movlw	-61
   569  0048  059F               	andwf	31,f	;volatile
   570  0049                     l758:
   571                           
   572                           ;lab12_pre_pgr.c: 148:     ADCON0bits.ADON = 1;
   573  0049  141F               	bsf	31,0	;volatile
   574  004A                     l760:
   575                           
   576                           ;lab12_pre_pgr.c: 149:     _delay((unsigned long)((50)*(4000000/4000000.0)));
   577  004A  3010               	movlw	16
   578  004B  00F5               	movwf	??_setup
   579  004C                     u147:
   580  004C  0BF5               	decfsz	??_setup,f
   581  004D  284C               	goto	u147
   582  004E  0000               	nop
   583  004F                     l98:
   584  004F  0008               	return
   585  0050                     __end_of_setup:
   586                           
   587                           	psect	text2
   588  00C0                     __ptext2:	
   589 ;; *************** function _read *****************
   590 ;; Defined at:
   591 ;;		line 87 in file "lab12_pre_pgr.c"
   592 ;; Parameters:    Size  Location     Type
   593 ;;  address         1    wreg     unsigned char 
   594 ;; Auto vars:     Size  Location     Type
   595 ;;  address         1    5[COMMON] unsigned char 
   596 ;; Return value:  Size  Location     Type
   597 ;;                  1    wreg      unsigned char 
   598 ;; Registers used:
   599 ;;		wreg
   600 ;; Tracked objects:
   601 ;;		On entry : 0/0
   602 ;;		On exit  : 0/0
   603 ;;		Unchanged: 0/0
   604 ;; Data sizes:     COMMON   BANK0   BANK1   BANK3   BANK2
   605 ;;      Params:         0       0       0       0       0
   606 ;;      Locals:         1       0       0       0       0
   607 ;;      Temps:          0       0       0       0       0
   608 ;;      Totals:         1       0       0       0       0
   609 ;;Total ram usage:        1 bytes
   610 ;; Hardware stack levels used: 1
   611 ;; Hardware stack levels required when called: 2
   612 ;; This function calls:
   613 ;;		Nothing
   614 ;; This function is called by:
   615 ;;		_main
   616 ;; This function uses a non-reentrant model
   617 ;;
   618                           
   619  00C0                     _read:	
   620                           ;psect for function _read
   621                           
   622                           
   623                           ;incstack = 0
   624                           ; Regs used in _read: [wreg]
   625                           ;read@address stored from wreg
   626  00C0  00F5               	movwf	read@address
   627  00C1                     l764:
   628                           
   629                           ;lab12_pre_pgr.c: 88:     EEADR = address;
   630  00C1  0875               	movf	read@address,w
   631  00C2  1283               	bcf	3,5	;RP0=0, select bank2
   632  00C3  1703               	bsf	3,6	;RP1=1, select bank2
   633  00C4  008D               	movwf	13	;volatile
   634  00C5                     l766:
   635                           
   636                           ;lab12_pre_pgr.c: 89:     EECON1bits.EEPGD = 0;
   637  00C5  1683               	bsf	3,5	;RP0=1, select bank3
   638  00C6  1703               	bsf	3,6	;RP1=1, select bank3
   639  00C7  138C               	bcf	12,7	;volsfr
   640  00C8                     l768:
   641                           
   642                           ;lab12_pre_pgr.c: 90:     EECON1bits.RD;
   643  00C8  080C               	movf	12,w	;volsfr
   644                           
   645                           ;lab12_pre_pgr.c: 91:     return EEDAT;
   646  00C9  1283               	bcf	3,5	;RP0=0, select bank2
   647  00CA  1703               	bsf	3,6	;RP1=1, select bank2
   648  00CB  080C               	movf	12,w	;volatile
   649  00CC                     l92:
   650  00CC  0008               	return
   651  00CD                     __end_of_read:
   652                           
   653                           	psect	text3
   654  0050                     __ptext3:	
   655 ;; *************** function _isr *****************
   656 ;; Defined at:
   657 ;;		line 50 in file "lab12_pre_pgr.c"
   658 ;; Parameters:    Size  Location     Type
   659 ;;		None
   660 ;; Auto vars:     Size  Location     Type
   661 ;;		None
   662 ;; Return value:  Size  Location     Type
   663 ;;                  1    wreg      void 
   664 ;; Registers used:
   665 ;;		wreg, status,2, status,0, pclath, cstack
   666 ;; Tracked objects:
   667 ;;		On entry : 0/0
   668 ;;		On exit  : 0/0
   669 ;;		Unchanged: 0/0
   670 ;; Data sizes:     COMMON   BANK0   BANK1   BANK3   BANK2
   671 ;;      Params:         0       0       0       0       0
   672 ;;      Locals:         0       0       0       0       0
   673 ;;      Temps:          3       0       0       0       0
   674 ;;      Totals:         3       0       0       0       0
   675 ;;Total ram usage:        3 bytes
   676 ;; Hardware stack levels used: 1
   677 ;; Hardware stack levels required when called: 1
   678 ;; This function calls:
   679 ;;		_write
   680 ;; This function is called by:
   681 ;;		Interrupt level 1
   682 ;; This function uses a non-reentrant model
   683 ;;
   684                           
   685  0050                     _isr:	
   686                           ;psect for function _isr
   687                           
   688  0050                     i1l824:
   689                           
   690                           ;lab12_pre_pgr.c: 51:     if(ADIF){
   691  0050  1283               	bcf	3,5	;RP0=0, select bank0
   692  0051  1303               	bcf	3,6	;RP1=0, select bank0
   693  0052  1F0C               	btfss	12,6	;volatile
   694  0053  2855               	goto	u7_21
   695  0054  2856               	goto	u7_20
   696  0055                     u7_21:
   697  0055  285E               	goto	i1l832
   698  0056                     u7_20:
   699  0056                     i1l826:
   700                           
   701                           ;lab12_pre_pgr.c: 52:         PIR1bits.ADIF = 0;
   702  0056  130C               	bcf	12,6	;volatile
   703  0057                     i1l828:
   704                           
   705                           ;lab12_pre_pgr.c: 53:         cont = ADRESH;
   706  0057  081E               	movf	30,w	;volatile
   707  0058  00F2               	movwf	??_isr
   708  0059  0872               	movf	??_isr,w
   709  005A  00F7               	movwf	_cont
   710                           
   711                           ;lab12_pre_pgr.c: 54:         PORTC = cont;
   712  005B  0877               	movf	_cont,w
   713  005C  0087               	movwf	7	;volatile
   714  005D                     i1l830:
   715                           
   716                           ;lab12_pre_pgr.c: 55:         mode = 0;
   717  005D  01F6               	clrf	_mode
   718  005E                     i1l832:
   719                           
   720                           ;lab12_pre_pgr.c: 57:     if(RBIF){
   721  005E  1C0B               	btfss	11,0	;volatile
   722  005F  2861               	goto	u8_21
   723  0060  2862               	goto	u8_20
   724  0061                     u8_21:
   725  0061  2880               	goto	i1l80
   726  0062                     u8_20:
   727  0062                     i1l834:
   728                           
   729                           ;lab12_pre_pgr.c: 58:         if(PORTBbits.RB0){
   730  0062  1C06               	btfss	6,0	;volatile
   731  0063  2865               	goto	u9_21
   732  0064  2866               	goto	u9_20
   733  0065                     u9_21:
   734  0065  286A               	goto	i1l75
   735  0066                     u9_20:
   736  0066                     i1l836:
   737  0066  0063               	sleep	;# 
   738                           
   739                           ;lab12_pre_pgr.c: 60:             mode = 1;
   740  0067  01F6               	clrf	_mode
   741  0068  0AF6               	incf	_mode,f
   742                           
   743                           ;lab12_pre_pgr.c: 61:         }
   744  0069  287F               	goto	i1l844
   745  006A                     i1l75:	
   746                           ;lab12_pre_pgr.c: 62:         else if(PORTBbits.RB1){
   747                           
   748  006A  1C86               	btfss	6,1	;volatile
   749  006B  286D               	goto	u10_21
   750  006C  286E               	goto	u10_20
   751  006D                     u10_21:
   752  006D  2870               	goto	i1l77
   753  006E                     u10_20:
   754  006E                     i1l838:
   755                           
   756                           ;lab12_pre_pgr.c: 63:             mode = 0;
   757  006E  01F6               	clrf	_mode
   758                           
   759                           ;lab12_pre_pgr.c: 64:         }
   760  006F  287F               	goto	i1l844
   761  0070                     i1l77:	
   762                           ;lab12_pre_pgr.c: 65:         else if(PORTBbits.RB2){
   763                           
   764  0070  1D06               	btfss	6,2	;volatile
   765  0071  2873               	goto	u11_21
   766  0072  2874               	goto	u11_20
   767  0073                     u11_21:
   768  0073  287F               	goto	i1l844
   769  0074                     u11_20:
   770  0074                     i1l840:
   771                           
   772                           ;lab12_pre_pgr.c: 66:             write(address, cont);
   773  0074  0877               	movf	_cont,w
   774  0075  00F2               	movwf	??_isr
   775  0076  0872               	movf	??_isr,w
   776  0077  00F0               	movwf	write@data
   777  0078  0878               	movf	_address,w
   778  0079  120A  118A  20AB  120A  118A  	fcall	_write
   779  007E  286E               	goto	i1l838
   780  007F                     i1l844:
   781                           
   782                           ;lab12_pre_pgr.c: 69:         INTCONbits.RBIF = 0;
   783  007F  100B               	bcf	11,0	;volatile
   784  0080                     i1l80:
   785  0080  0874               	movf	??_isr+2,w
   786  0081  008A               	movwf	10
   787  0082  0E73               	swapf	??_isr+1,w
   788  0083  0083               	movwf	3
   789  0084  0EFE               	swapf	btemp,f
   790  0085  0E7E               	swapf	btemp,w
   791  0086  0009               	retfie
   792  0087                     __end_of_isr:
   793                           
   794                           	psect	intentry
   795  0004                     __pintentry:	
   796                           ;incstack = 0
   797                           ; Regs used in _isr: [wreg+status,2+status,0+pclath+cstack]
   798                           
   799  0004                     interrupt_function:
   800  007E                     saved_w	set	btemp
   801  0004  00FE               	movwf	btemp
   802  0005  0E03               	swapf	3,w
   803  0006  00F3               	movwf	??_isr+1
   804  0007  080A               	movf	10,w
   805  0008  00F4               	movwf	??_isr+2
   806  0009  120A  118A  2850   	ljmp	_isr
   807                           
   808                           	psect	text4
   809  00AB                     __ptext4:	
   810 ;; *************** function _write *****************
   811 ;; Defined at:
   812 ;;		line 94 in file "lab12_pre_pgr.c"
   813 ;; Parameters:    Size  Location     Type
   814 ;;  address         1    wreg     unsigned char 
   815 ;;  data            1    0[COMMON] unsigned char 
   816 ;; Auto vars:     Size  Location     Type
   817 ;;  address         1    1[COMMON] unsigned char 
   818 ;; Return value:  Size  Location     Type
   819 ;;                  1    wreg      void 
   820 ;; Registers used:
   821 ;;		wreg
   822 ;; Tracked objects:
   823 ;;		On entry : 0/0
   824 ;;		On exit  : 0/0
   825 ;;		Unchanged: 0/0
   826 ;; Data sizes:     COMMON   BANK0   BANK1   BANK3   BANK2
   827 ;;      Params:         1       0       0       0       0
   828 ;;      Locals:         1       0       0       0       0
   829 ;;      Temps:          0       0       0       0       0
   830 ;;      Totals:         2       0       0       0       0
   831 ;;Total ram usage:        2 bytes
   832 ;; Hardware stack levels used: 1
   833 ;; This function calls:
   834 ;;		Nothing
   835 ;; This function is called by:
   836 ;;		_isr
   837 ;; This function uses a non-reentrant model
   838 ;;
   839                           
   840  00AB                     _write:	
   841                           ;psect for function _write
   842                           
   843                           
   844                           ;incstack = 0
   845                           ; Regs used in _write: [wreg]
   846                           ;write@address stored from wreg
   847  00AB  00F1               	movwf	write@address
   848  00AC                     i1l808:
   849                           
   850                           ;lab12_pre_pgr.c: 95:     EEADR = address;
   851  00AC  0871               	movf	write@address,w
   852  00AD  1283               	bcf	3,5	;RP0=0, select bank2
   853  00AE  1703               	bsf	3,6	;RP1=1, select bank2
   854  00AF  008D               	movwf	13	;volatile
   855                           
   856                           ;lab12_pre_pgr.c: 96:     EEDAT = data;
   857  00B0  0870               	movf	write@data,w
   858  00B1  008C               	movwf	12	;volatile
   859  00B2                     i1l810:
   860                           
   861                           ;lab12_pre_pgr.c: 97:     EECON1bits.EEPGD = 0;
   862  00B2  1683               	bsf	3,5	;RP0=1, select bank3
   863  00B3  1703               	bsf	3,6	;RP1=1, select bank3
   864  00B4  138C               	bcf	12,7	;volsfr
   865  00B5                     i1l812:
   866                           
   867                           ;lab12_pre_pgr.c: 98:     EECON1bits.WREN = 1;
   868  00B5  150C               	bsf	12,2	;volsfr
   869  00B6                     i1l814:
   870                           
   871                           ;lab12_pre_pgr.c: 100:     INTCONbits.GIE = 0;
   872  00B6  138B               	bcf	11,7	;volatile
   873                           
   874                           ;lab12_pre_pgr.c: 101:     EECON2 = 0x55;
   875  00B7  3055               	movlw	85
   876  00B8  008D               	movwf	13	;volsfr
   877                           
   878                           ;lab12_pre_pgr.c: 102:     EECON2 = 0xAA;
   879  00B9  30AA               	movlw	170
   880  00BA  008D               	movwf	13	;volsfr
   881  00BB                     i1l816:
   882                           
   883                           ;lab12_pre_pgr.c: 104:     EECON1bits.WR = 1;
   884  00BB  148C               	bsf	12,1	;volsfr
   885  00BC                     i1l818:
   886                           
   887                           ;lab12_pre_pgr.c: 106:     EECON1bits.WREN = 0;
   888  00BC  110C               	bcf	12,2	;volsfr
   889  00BD                     i1l820:
   890                           
   891                           ;lab12_pre_pgr.c: 107:     INTCONbits.RBIF = 0;
   892  00BD  100B               	bcf	11,0	;volatile
   893  00BE                     i1l822:
   894                           
   895                           ;lab12_pre_pgr.c: 108:     INTCONbits.GIE = 1;
   896  00BE  178B               	bsf	11,7	;volatile
   897  00BF                     i1l95:
   898  00BF  0008               	return
   899  00C0                     __end_of_write:
   900  007E                     btemp	set	126	;btemp
   901  007E                     wtemp0	set	126
   902                           
   903                           	psect	idloc
   904                           
   905                           ;Config register IDLOC0 @ 0x2000
   906                           ;	unspecified, using default values
   907  2000                     	org	8192
   908  2000  3FFF               	dw	16383
   909                           
   910                           ;Config register IDLOC1 @ 0x2001
   911                           ;	unspecified, using default values
   912  2001                     	org	8193
   913  2001  3FFF               	dw	16383
   914                           
   915                           ;Config register IDLOC2 @ 0x2002
   916                           ;	unspecified, using default values
   917  2002                     	org	8194
   918  2002  3FFF               	dw	16383
   919                           
   920                           ;Config register IDLOC3 @ 0x2003
   921                           ;	unspecified, using default values
   922  2003                     	org	8195
   923  2003  3FFF               	dw	16383
   924                           
   925                           	psect	config
   926                           
   927                           ;Config register CONFIG1 @ 0x2007
   928                           ;	Oscillator Selection bits
   929                           ;	FOSC = INTRC_NOCLKOUT, INTOSCIO oscillator: I/O function on RA6/OSC2/CLKOUT pin, I/O f
      +                          unction on RA7/OSC1/CLKIN
   930                           ;	Watchdog Timer Enable bit
   931                           ;	WDTE = OFF, WDT disabled and can be enabled by SWDTEN bit of the WDTCON register
   932                           ;	Power-up Timer Enable bit
   933                           ;	PWRTE = OFF, PWRT disabled
   934                           ;	RE3/MCLR pin function select bit
   935                           ;	MCLRE = OFF, RE3/MCLR pin function is digital input, MCLR internally tied to VDD
   936                           ;	Code Protection bit
   937                           ;	CP = OFF, Program memory code protection is disabled
   938                           ;	Data Code Protection bit
   939                           ;	CPD = OFF, Data memory code protection is disabled
   940                           ;	Brown Out Reset Selection bits
   941                           ;	BOREN = OFF, BOR disabled
   942                           ;	Internal External Switchover bit
   943                           ;	IESO = OFF, Internal/External Switchover mode is disabled
   944                           ;	Fail-Safe Clock Monitor Enabled bit
   945                           ;	FCMEN = OFF, Fail-Safe Clock Monitor is disabled
   946                           ;	Low Voltage Programming Enable bit
   947                           ;	LVP = OFF, RB3 pin has digital I/O, HV on MCLR must be used for programming
   948                           ;	In-Circuit Debugger Mode bit
   949                           ;	DEBUG = 0x1, unprogrammed default
   950  2007                     	org	8199
   951  2007  20D4               	dw	8404
   952                           
   953                           ;Config register CONFIG2 @ 0x2008
   954                           ;	Brown-out Reset Selection bit
   955                           ;	BOR4V = BOR40V, Brown-out Reset set to 4.0V
   956                           ;	Flash Program Memory Self Write Enable bits
   957                           ;	WRT = OFF, Write protection off
   958  2008                     	org	8200
   959  2008  3FFF               	dw	16383

Data Sizes:
    Strings     0
    Constant    0
    Data        0
    BSS         3
    Persistent  0
    Stack       0

Auto Spaces:
    Space          Size  Autos    Used
    COMMON           14      6       9
    BANK0            80      1       1
    BANK1            80      0       0
    BANK3            96      0       0
    BANK2            96      0       0

Pointer List with Targets:

    None.

Critical Paths under _main in COMMON

    _main->_read
    _main->_setup

Critical Paths under _isr in COMMON

    _isr->_write

Critical Paths under _main in BANK0

    None.

Critical Paths under _isr in BANK0

    None.

Critical Paths under _main in BANK1

    None.

Critical Paths under _isr in BANK1

    None.

Critical Paths under _main in BANK3

    None.

Critical Paths under _isr in BANK3

    None.

Critical Paths under _main in BANK2

    None.

Critical Paths under _isr in BANK2

    None.

Call Graph Tables:

 ---------------------------------------------------------------------------------
 (Depth) Function   	        Calls       Base Space   Used Autos Params    Refs
 ---------------------------------------------------------------------------------
 (0) _main                                                 1     1      0      15
                                              0 BANK0      1     1      0
                               _read
                              _setup
 ---------------------------------------------------------------------------------
 (1) _setup                                                1     1      0       0
                                              5 COMMON     1     1      0
 ---------------------------------------------------------------------------------
 (1) _read                                                 1     1      0      15
                                              5 COMMON     1     1      0
 ---------------------------------------------------------------------------------
 Estimated maximum stack depth 1
 ---------------------------------------------------------------------------------
 (Depth) Function   	        Calls       Base Space   Used Autos Params    Refs
 ---------------------------------------------------------------------------------
 (2) _isr                                                  3     3      0     120
                                              2 COMMON     3     3      0
                              _write
 ---------------------------------------------------------------------------------
 (3) _write                                                2     1      1     120
                                              0 COMMON     2     1      1
 ---------------------------------------------------------------------------------
 Estimated maximum stack depth 3
 ---------------------------------------------------------------------------------

 Call Graph Graphs:

 _main (ROOT)
   _read
   _setup

 _isr (ROOT)
   _write

 Address spaces:
Name               Size   Autos  Total    Cost      Usage
BITCOMMON            E      0       0       0        0.0%
EEDATA             100      0       0       0        0.0%
NULL                 0      0       0       0        0.0%
CODE                 0      0       0       0        0.0%
COMMON               E      6       9       1       64.3%
BITSFR0              0      0       0       1        0.0%
SFR0                 0      0       0       1        0.0%
BITSFR1              0      0       0       2        0.0%
SFR1                 0      0       0       2        0.0%
STACK                0      0       0       2        0.0%
ABS                  0      0       A       3        0.0%
BITBANK0            50      0       0       4        0.0%
BITSFR3              0      0       0       4        0.0%
SFR3                 0      0       0       4        0.0%
BANK0               50      1       1       5        1.2%
BITSFR2              0      0       0       5        0.0%
SFR2                 0      0       0       5        0.0%
BITBANK1            50      0       0       6        0.0%
BANK1               50      0       0       7        0.0%
BITBANK3            60      0       0       8        0.0%
BANK3               60      0       0       9        0.0%
BITBANK2            60      0       0      10        0.0%
BANK2               60      0       0      11        0.0%
DATA                 0      0       A      12        0.0%


Microchip Technology PIC Macro Assembler V2.36 build 20220127204148 
Symbol Table                                                                                   Wed May 18 12:55:09 2022

                     l92 00CC                       l98 004F                      l710 001B  
                    l720 0024                      l712 001F                      l730 002B  
                    l722 0027                      l714 0021                      l706 0016  
                    l740 0037                      l732 002C                      l724 0028  
                    l716 0022                      l708 001A                      l750 003F  
                    l742 0038                      l734 002D                      l726 0029  
                    l718 0023                      l760 004A                      l752 0040  
                    l744 0039                      l736 0030                      l728 002A  
                    l754 0041                      l746 003D                      l738 0033  
                    l850 008C                      l764 00C1                      l756 0047  
                    l748 003E                      l852 0092                      l766 00C5  
                    l758 0049                      l854 0099                      l768 00C8  
                    l856 009C                      l848 0087                      l858 00A5  
                    u120 0092                      u121 0091                      u137 0096  
                    u147 004C                      _isr 0050                     _ADIF 0066  
                   ?_isr 0070                     _IOCB 0096                     _RBIF 0058  
                   i1l80 0080                     i1l75 006A                     i1l77 0070  
                   i1l95 00BF                     u7_20 0056                     u7_21 0055  
                   u8_20 0062                     u8_21 0061                     u9_20 0066  
                   u9_21 0065                     _cont 0077                     _main 0087  
                   _read 00C0                     _mode 0076                     btemp 007E  
                   start 000C                    ??_isr 0072                    ?_main 0070  
                  ?_read 0070                    _EEADR 010D                    _EEDAT 010C  
                  _ANSEL 0188                    i1l810 00B2                    i1l820 00BD  
                  i1l812 00B5                    i1l822 00BE                    i1l814 00B6  
                  i1l830 005D                    i1l816 00BB                    i1l808 00AC  
                  i1l840 0074                    i1l832 005E                    i1l824 0050  
                  i1l818 00BC                    i1l834 0062                    i1l826 0056  
                  i1l844 007F                    i1l836 0066                    i1l828 0057  
                  i1l838 006E                    u10_20 006E                    u10_21 006D  
                  u11_20 0074                    u11_21 0073                    _PORTA 0005  
                  _PORTB 0006                    _PORTC 0007                    _PORTD 0008  
                  _PORTE 0009                    _TRISA 0085                    _TRISB 0086  
                  _TRISC 0087                    _TRISD 0088                    _TRISE 0089  
                  _setup 0016                    _write 00AB                    pclath 000A  
                  status 0003                    wtemp0 007E          __initialization 000F  
           __end_of_main 00AB             __end_of_read 00CD                   ??_main 0020  
                 ??_read 0075              read@address 0075                   _ADRESH 001E  
                 _EECON2 018D                   ?_setup 0070                   _ANSELH 0189  
                 ?_write 0070                   saved_w 007E  __end_of__initialization 0012  
         __pcstackCOMMON 0070            __end_of_setup 0050            __end_of_write 00C0  
                ??_setup 0075                  ??_write 0071               __pmaintext 0087  
             __pintentry 0004                  _address 0078                  __ptext1 0016  
                __ptext2 00C0                  __ptext3 0050                  __ptext4 00AB  
   end_of_initialization 0012             write@address 0071                _PORTBbits 0006  
    start_initialization 000F              __end_of_isr 0087              __pbssCOMMON 0076  
              ___latbits 0002            __pcstackBANK0 0020        interrupt_function 0004  
               _PIE1bits 008C                 _PIR1bits 000C               _ADCON0bits 001F  
             _ADCON1bits 009F               _EECON1bits 018C               _INTCONbits 000B  
               intlevel1 0000               _OSCCONbits 008F                write@data 0070  
